~/git/rocksdb ~/git/rocksdb/nvm
Initializing RocksDB Options from the specified file
Initializing RocksDB Options from command-line flags
Keys:       16 bytes each
Values:     1048576 bytes each (1048576 bytes after compression)
Entries:    1000
Prefix:    0 bytes
Keys per prefix:    0
RawSize:    1000.0 MB (estimated)
FileSize:   1000.0 MB (estimated)
Write rate: 0 bytes/second
Compression: NoCompression
Memtablerep: skip_list
Perf Level: 0
------------------------------------------------
Initializing RocksDB Options from the specified file
Initializing RocksDB Options from command-line flags
DB path: [/tmp/jazz]
fillseq      :     461.185 micros/op 2168 ops/sec; 2168.4 MB/s
Microseconds per write:
Count: 1000 Average: 461.1870  StdDev: 4875.19
Min: 67  Median: 262.7273  Max: 110022
Percentiles: P50: 262.73 P75: 318.84 P99: 430.00 P99.9: 110000.00 P99.99: 110022.00
------------------------------------------------------
[      60,      70 )       28   2.800%   2.800% #
[      70,      80 )       42   4.200%   7.000% #
[      80,      90 )       49   4.900%  11.900% #
[      90,     100 )       22   2.200%  14.100% 
[     100,     120 )      101  10.100%  24.200% ##
[     120,     140 )       43   4.300%  28.500% #
[     140,     160 )       67   6.700%  35.200% #
[     160,     180 )       54   5.400%  40.600% #
[     180,     200 )       30   3.000%  43.600% #
[     200,     250 )       22   2.200%  45.800% 
[     250,     300 )      165  16.500%  62.300% ###
[     300,     350 )      337  33.700%  96.000% #######
[     350,     400 )       24   2.400%  98.400% 
[     400,     450 )       10   1.000%  99.400% 
[     450,     500 )        1   0.100%  99.500% 
[    2500,    3000 )        1   0.100%  99.600% 
[    3500,    4000 )        1   0.100%  99.700% 
[    8000,    9000 )        1   0.100%  99.800% 
[  100000,  120000 )        2   0.200% 100.000% 

DB path: [/tmp/jazz]
overwrite    :     620.068 micros/op 1612 ops/sec; 1612.8 MB/s
Microseconds per write:
Count: 1000 Average: 620.0030  StdDev: 7282.88
Min: 96  Median: 145.9770  Max: 158776
Percentiles: P50: 145.98 P75: 173.67 P99: 447.92 P99.9: 140000.00 P99.99: 158000.00
------------------------------------------------------
[      90,     100 )        8   0.800%   0.800% 
[     100,     120 )      106  10.600%  11.400% ##
[     120,     140 )      308  30.800%  42.200% ######
[     140,     160 )      261  26.100%  68.300% #####
[     160,     180 )       98   9.800%  78.100% ##
[     180,     200 )       53   5.300%  83.400% #
[     200,     250 )       18   1.800%  85.200% 
[     250,     300 )       38   3.800%  89.000% #
[     300,     350 )       33   3.300%  92.300% #
[     350,     400 )       44   4.400%  96.700% #
[     400,     450 )       24   2.400%  99.100% 
[     450,     500 )        3   0.300%  99.400% 
[    3500,    4000 )        1   0.100%  99.500% 
[   25000,   30000 )        2   0.200%  99.700% 
[  100000,  120000 )        1   0.100%  99.800% 
[  120000,  140000 )        1   0.100%  99.900% 
[  140000,  160000 )        1   0.100% 100.000% 

DB path: [/tmp/jazz]
overwrite    :     810.292 micros/op 1234 ops/sec; 1234.1 MB/s
Microseconds per write:
Count: 1000 Average: 810.0190  StdDev: 9179.03
Min: 98  Median: 177.1429  Max: 234366
Percentiles: P50: 177.14 P75: 345.13 P99: 600.00 P99.9: 200000.00 P99.99: 234366.00
------------------------------------------------------
[      90,     100 )       11   1.100%   1.100% 
[     100,     120 )       82   8.200%   9.300% ##
[     120,     140 )      195  19.500%  28.800% ####
[     140,     160 )      140  14.000%  42.800% ###
[     160,     180 )       84   8.400%  51.200% ##
[     180,     200 )       54   5.400%  56.600% #
[     200,     250 )       39   3.900%  60.500% #
[     250,     300 )       43   4.300%  64.800% #
[     300,     350 )      113  11.300%  76.100% ##
[     350,     400 )      103  10.300%  86.400% ##
[     400,     450 )       64   6.400%  92.800% #
[     450,     500 )       41   4.100%  96.900% #
[     500,     600 )       21   2.100%  99.000% 
[     600,     700 )        1   0.100%  99.100% 
[     700,     800 )        1   0.100%  99.200% 
[    1400,    1600 )        1   0.100%  99.300% 
[    3000,    3500 )        1   0.100%  99.400% 
[   14000,   16000 )        1   0.100%  99.500% 
[   35000,   40000 )        1   0.100%  99.600% 
[   50000,   60000 )        1   0.100%  99.700% 
[   90000,  100000 )        1   0.100%  99.800% 
[  120000,  140000 )        1   0.100%  99.900% 
[  200000,  250000 )        1   0.100% 100.000% 

STATISTICS:
rocksdb.block.cache.miss COUNT : 1064
rocksdb.block.cache.hit COUNT : 0
rocksdb.block.cache.add COUNT : 0
rocksdb.block.cache.add.failures COUNT : 0
rocksdb.block.cache.index.miss COUNT : 0
rocksdb.block.cache.index.hit COUNT : 0
rocksdb.block.cache.index.bytes.insert COUNT : 0
rocksdb.block.cache.index.bytes.evict COUNT : 0
rocksdb.block.cache.filter.miss COUNT : 0
rocksdb.block.cache.filter.hit COUNT : 0
rocksdb.block.cache.filter.bytes.insert COUNT : 0
rocksdb.block.cache.filter.bytes.evict COUNT : 0
rocksdb.block.cache.data.miss COUNT : 1064
rocksdb.block.cache.data.hit COUNT : 0
rocksdb.block.cache.bytes.read COUNT : 0
rocksdb.block.cache.bytes.write COUNT : 0
rocksdb.bloom.filter.useful COUNT : 0
rocksdb.memtable.hit COUNT : 0
rocksdb.memtable.miss COUNT : 0
rocksdb.l0.hit COUNT : 0
rocksdb.l1.hit COUNT : 0
rocksdb.l2andup.hit COUNT : 0
rocksdb.compaction.key.drop.new COUNT : 22
rocksdb.compaction.key.drop.obsolete COUNT : 0
rocksdb.compaction.key.drop.user COUNT : 0
rocksdb.number.keys.written COUNT : 3000
rocksdb.number.keys.read COUNT : 0
rocksdb.number.keys.updated COUNT : 0
rocksdb.bytes.written COUNT : 0
rocksdb.bytes.read COUNT : 0
rocksdb.number.db.seek COUNT : 0
rocksdb.number.db.next COUNT : 0
rocksdb.number.db.prev COUNT : 0
rocksdb.number.db.seek.found COUNT : 0
rocksdb.number.db.next.found COUNT : 0
rocksdb.number.db.prev.found COUNT : 0
rocksdb.db.iter.bytes.read COUNT : 0
rocksdb.no.file.closes COUNT : 0
rocksdb.no.file.opens COUNT : 737
rocksdb.no.file.errors COUNT : 0
rocksdb.l0.slowdown.micros COUNT : 0
rocksdb.memtable.compaction.micros COUNT : 0
rocksdb.l0.num.files.stall.micros COUNT : 0
rocksdb.stall.micros COUNT : 1235847
rocksdb.db.mutex.wait.micros COUNT : 0
rocksdb.rate.limit.delay.millis COUNT : 0
rocksdb.num.iterators COUNT : 0
rocksdb.number.multiget.get COUNT : 0
rocksdb.number.multiget.keys.read COUNT : 0
rocksdb.number.multiget.bytes.read COUNT : 0
rocksdb.number.deletes.filtered COUNT : 0
rocksdb.number.merge.failures COUNT : 0
rocksdb.sequence.number COUNT : 3000
rocksdb.bloom.filter.prefix.checked COUNT : 0
rocksdb.bloom.filter.prefix.useful COUNT : 0
rocksdb.number.reseeks.iteration COUNT : 0
rocksdb.getupdatessince.calls COUNT : 0
rocksdb.block.cachecompressed.miss COUNT : 0
rocksdb.block.cachecompressed.hit COUNT : 0
rocksdb.block.cachecompressed.add COUNT : 0
rocksdb.block.cachecompressed.add.failures COUNT : 0
rocksdb.wal.synced COUNT : 0
rocksdb.wal.bytes COUNT : 0
rocksdb.write.self COUNT : 3000
rocksdb.write.other COUNT : 0
rocksdb.write.wal COUNT : 0
rocksdb.flush.write.bytes COUNT : 3090154679
rocksdb.compact.read.bytes COUNT : 630565838
rocksdb.compact.write.bytes COUNT : 759300096
rocksdb.number.direct.load.table.properties COUNT : 0
rocksdb.number.superversion_acquires COUNT : 0
rocksdb.number.superversion_releases COUNT : 0
rocksdb.number.superversion_cleanups COUNT : 0
rocksdb.number.block.not_compressed COUNT : 0
rocksdb.merge.operation.time.nanos COUNT : 0
rocksdb.filter.operation.time.nanos COUNT : 0
rocksdb.row.cache.hit COUNT : 0
rocksdb.row.cache.miss COUNT : 0
rocksdb.db.get.micros statistics Percentiles :=> 50 : 199.215686 95 : 453.620690 99 : 583.777778
rocksdb.db.write.micros statistics Percentiles :=> 50 : 0.931864 95 : 278.163445 99 : 313.522727
rocksdb.compaction.times.micros statistics Percentiles :=> 50 : 9166.666667 95 : 807678.000000 99 : 807678.000000
rocksdb.subcompaction.setup.times.micros statistics Percentiles :=> 50 : 0.000000 95 : 0.000000 99 : 0.000000
rocksdb.table.sync.micros statistics Percentiles :=> 50 : 24.000000 95 : 720.000000 99 : 746.000000
rocksdb.compaction.outfile.sync.micros statistics Percentiles :=> 50 : 29.474638 95 : 797.758621 99 : 927.000000
rocksdb.wal.file.sync.micros statistics Percentiles :=> 50 : 0.000000 95 : 0.000000 99 : 0.000000
rocksdb.manifest.file.sync.micros statistics Percentiles :=> 50 : 1897.500000 95 : 4903.571429 99 : 7365.000000
rocksdb.table.open.io.micros statistics Percentiles :=> 50 : 25.445652 95 : 40.715909 99 : 58.150000
rocksdb.db.multiget.micros statistics Percentiles :=> 50 : 0.000000 95 : 0.000000 99 : 0.000000
rocksdb.read.block.compaction.micros statistics Percentiles :=> 50 : 0.000000 95 : 0.000000 99 : 0.000000
rocksdb.read.block.get.micros statistics Percentiles :=> 50 : 0.000000 95 : 0.000000 99 : 0.000000
rocksdb.write.raw.block.micros statistics Percentiles :=> 50 : 343.602071 95 : 772.406250 99 : 1081.096774
rocksdb.l0.slowdown.count statistics Percentiles :=> 50 : 0.000000 95 : 0.000000 99 : 0.000000
rocksdb.memtable.compaction.count statistics Percentiles :=> 50 : 0.000000 95 : 0.000000 99 : 0.000000
rocksdb.num.files.stall.count statistics Percentiles :=> 50 : 0.000000 95 : 0.000000 99 : 0.000000
rocksdb.hard.rate.limit.delay.count statistics Percentiles :=> 50 : 0.000000 95 : 0.000000 99 : 0.000000
rocksdb.soft.rate.limit.delay.count statistics Percentiles :=> 50 : 0.000000 95 : 0.000000 99 : 0.000000
rocksdb.numfiles.in.singlecompaction statistics Percentiles :=> 50 : 1.000000 95 : 1.000000 99 : 1.000000
rocksdb.db.seek.micros statistics Percentiles :=> 50 : 0.000000 95 : 0.000000 99 : 0.000000
rocksdb.db.write.stall statistics Percentiles :=> 50 : 60000.000000 95 : 210000.000000 99 : 233729.000000
rocksdb.sst.read.micros statistics Percentiles :=> 50 : 0.000000 95 : 0.000000 99 : 0.000000
rocksdb.num.subcompactions.scheduled statistics Percentiles :=> 50 : 0.000000 95 : 0.000000 99 : 0.000000
rocksdb.bytes.per.read statistics Percentiles :=> 50 : 0.000000 95 : 0.000000 99 : 0.000000
rocksdb.bytes.per.write statistics Percentiles :=> 50 : 0.000000 95 : 0.000000 99 : 0.000000
rocksdb.bytes.per.multiget statistics Percentiles :=> 50 : 0.000000 95 : 0.000000 99 : 0.000000

~/git/rocksdb/nvm
