~/git/rocksdb ~/git/rocksdb/nvm
Initializing RocksDB Options from the specified file
Initializing RocksDB Options from command-line flags
Keys:       16 bytes each
Values:     1048576 bytes each (1048576 bytes after compression)
Entries:    1000
Prefix:    0 bytes
Keys per prefix:    0
RawSize:    1000.0 MB (estimated)
FileSize:   1000.0 MB (estimated)
Write rate: 0 bytes/second
Compression: NoCompression
Memtablerep: skip_list
Perf Level: 0
------------------------------------------------
Initializing RocksDB Options from the specified file
Initializing RocksDB Options from command-line flags
DB path: [/tmp/jazz]
fillseq      :     501.726 micros/op 1993 ops/sec; 1993.2 MB/s
Microseconds per write:
Count: 1000 Average: 501.7170  StdDev: 4588.42
Min: 69  Median: 231.5789  Max: 106463
Percentiles: P50: 231.58 P75: 359.54 P99: 525.00 P99.9: 100000.00 P99.99: 106463.00
------------------------------------------------------
[      60,      70 )       12   1.200%   1.200% 
[      70,      80 )       41   4.100%   5.300% #
[      80,      90 )       40   4.000%   9.300% #
[      90,     100 )       11   1.100%  10.400% 
[     100,     120 )      122  12.200%  22.600% ##
[     120,     140 )      118  11.800%  34.400% ##
[     140,     160 )       69   6.900%  41.300% #
[     160,     180 )       54   5.400%  46.700% #
[     180,     200 )       21   2.100%  48.800% 
[     200,     250 )       19   1.900%  50.700% 
[     250,     300 )       96   9.600%  60.300% ##
[     300,     350 )      118  11.800%  72.100% ##
[     350,     400 )      152  15.200%  87.300% ###
[     400,     450 )       96   9.600%  96.900% ##
[     450,     500 )       20   2.000%  98.900% 
[     500,     600 )        4   0.400%  99.300% 
[     600,     700 )        2   0.200%  99.500% 
[    3500,    4000 )        1   0.100%  99.600% 
[   16000,   18000 )        1   0.100%  99.700% 
[   50000,   60000 )        1   0.100%  99.800% 
[   80000,   90000 )        1   0.100%  99.900% 
[  100000,  120000 )        1   0.100% 100.000% 

DB path: [/tmp/jazz]
overwrite    :     568.729 micros/op 1758 ops/sec; 1758.3 MB/s
Microseconds per write:
Count: 1000 Average: 568.7460  StdDev: 5798.24
Min: 100  Median: 142.4348  Max: 110831
Percentiles: P50: 142.43 P75: 169.70 P99: 540.00 P99.9: 110000.00 P99.99: 110831.00
------------------------------------------------------
[      90,     100 )        3   0.300%   0.300% 
[     100,     120 )      162  16.200%  16.500% ###
[     120,     140 )      307  30.700%  47.200% ######
[     140,     160 )      230  23.000%  70.200% #####
[     160,     180 )       99   9.900%  80.100% ##
[     180,     200 )       47   4.700%  84.800% #
[     200,     250 )       16   1.600%  86.400% 
[     250,     300 )       48   4.800%  91.200% #
[     300,     350 )       18   1.800%  93.000% 
[     350,     400 )       47   4.700%  97.700% #
[     400,     450 )        7   0.700%  98.400% 
[     450,     500 )        4   0.400%  98.800% 
[     500,     600 )        5   0.500%  99.300% 
[    3000,    3500 )        1   0.100%  99.400% 
[   18000,   20000 )        1   0.100%  99.500% 
[   35000,   40000 )        1   0.100%  99.600% 
[   40000,   45000 )        1   0.100%  99.700% 
[   80000,   90000 )        1   0.100%  99.800% 
[  100000,  120000 )        2   0.200% 100.000% 

DB path: [/tmp/jazz]
overwrite    :     781.013 micros/op 1280 ops/sec; 1280.4 MB/s
Microseconds per write:
Count: 1000 Average: 781.0200  StdDev: 9945.46
Min: 98  Median: 180.3636  Max: 290558
Percentiles: P50: 180.36 P75: 460.90 P99: 950.00 P99.9: 250000.00 P99.99: 290558.00
------------------------------------------------------
[      90,     100 )       14   1.400%   1.400% 
[     100,     120 )       65   6.500%   7.900% #
[     120,     140 )      167  16.700%  24.600% ###
[     140,     160 )      125  12.500%  37.100% ###
[     160,     180 )      128  12.800%  49.900% ###
[     180,     200 )       55   5.500%  55.400% #
[     200,     250 )       22   2.200%  57.600% 
[     250,     300 )       27   2.700%  60.300% #
[     300,     350 )       28   2.800%  63.100% #
[     350,     400 )       53   5.300%  68.400% #
[     400,     450 )       49   4.900%  73.300% #
[     450,     500 )       78   7.800%  81.100% ##
[     500,     600 )       80   8.000%  89.100% ##
[     600,     700 )       64   6.400%  95.500% #
[     700,     800 )       24   2.400%  97.900% 
[     800,     900 )        9   0.900%  98.800% 
[     900,    1000 )        4   0.400%  99.200% 
[    1000,    1200 )        3   0.300%  99.500% 
[    3000,    3500 )        1   0.100%  99.600% 
[   20000,   25000 )        1   0.100%  99.700% 
[   60000,   70000 )        1   0.100%  99.800% 
[   90000,  100000 )        1   0.100%  99.900% 
[  250000,  300000 )        1   0.100% 100.000% 

STATISTICS:
rocksdb.block.cache.miss COUNT : 1016
rocksdb.block.cache.hit COUNT : 0
rocksdb.block.cache.add COUNT : 0
rocksdb.block.cache.add.failures COUNT : 0
rocksdb.block.cache.index.miss COUNT : 0
rocksdb.block.cache.index.hit COUNT : 0
rocksdb.block.cache.index.bytes.insert COUNT : 0
rocksdb.block.cache.index.bytes.evict COUNT : 0
rocksdb.block.cache.filter.miss COUNT : 0
rocksdb.block.cache.filter.hit COUNT : 0
rocksdb.block.cache.filter.bytes.insert COUNT : 0
rocksdb.block.cache.filter.bytes.evict COUNT : 0
rocksdb.block.cache.data.miss COUNT : 1016
rocksdb.block.cache.data.hit COUNT : 0
rocksdb.block.cache.bytes.read COUNT : 0
rocksdb.block.cache.bytes.write COUNT : 0
rocksdb.bloom.filter.useful COUNT : 0
rocksdb.memtable.hit COUNT : 0
rocksdb.memtable.miss COUNT : 0
rocksdb.l0.hit COUNT : 0
rocksdb.l1.hit COUNT : 0
rocksdb.l2andup.hit COUNT : 0
rocksdb.compaction.key.drop.new COUNT : 53
rocksdb.compaction.key.drop.obsolete COUNT : 0
rocksdb.compaction.key.drop.user COUNT : 0
rocksdb.number.keys.written COUNT : 3000
rocksdb.number.keys.read COUNT : 0
rocksdb.number.keys.updated COUNT : 0
rocksdb.bytes.written COUNT : 0
rocksdb.bytes.read COUNT : 0
rocksdb.number.db.seek COUNT : 0
rocksdb.number.db.next COUNT : 0
rocksdb.number.db.prev COUNT : 0
rocksdb.number.db.seek.found COUNT : 0
rocksdb.number.db.next.found COUNT : 0
rocksdb.number.db.prev.found COUNT : 0
rocksdb.db.iter.bytes.read COUNT : 0
rocksdb.no.file.closes COUNT : 0
rocksdb.no.file.opens COUNT : 659
rocksdb.no.file.errors COUNT : 0
rocksdb.l0.slowdown.micros COUNT : 0
rocksdb.memtable.compaction.micros COUNT : 0
rocksdb.l0.num.files.stall.micros COUNT : 0
rocksdb.stall.micros COUNT : 1133029
rocksdb.db.mutex.wait.micros COUNT : 0
rocksdb.rate.limit.delay.millis COUNT : 0
rocksdb.num.iterators COUNT : 0
rocksdb.number.multiget.get COUNT : 0
rocksdb.number.multiget.keys.read COUNT : 0
rocksdb.number.multiget.bytes.read COUNT : 0
rocksdb.number.deletes.filtered COUNT : 0
rocksdb.number.merge.failures COUNT : 0
rocksdb.sequence.number COUNT : 3000
rocksdb.bloom.filter.prefix.checked COUNT : 0
rocksdb.bloom.filter.prefix.useful COUNT : 0
rocksdb.number.reseeks.iteration COUNT : 0
rocksdb.getupdatessince.calls COUNT : 0
rocksdb.block.cachecompressed.miss COUNT : 0
rocksdb.block.cachecompressed.hit COUNT : 0
rocksdb.block.cachecompressed.add COUNT : 0
rocksdb.block.cachecompressed.add.failures COUNT : 0
rocksdb.wal.synced COUNT : 0
rocksdb.wal.bytes COUNT : 0
rocksdb.write.self COUNT : 3000
rocksdb.write.other COUNT : 0
rocksdb.write.wal COUNT : 0
rocksdb.flush.write.bytes COUNT : 2707653813
rocksdb.compact.read.bytes COUNT : 675697486
rocksdb.compact.write.bytes COUNT : 658604032
rocksdb.number.direct.load.table.properties COUNT : 0
rocksdb.number.superversion_acquires COUNT : 0
rocksdb.number.superversion_releases COUNT : 0
rocksdb.number.superversion_cleanups COUNT : 0
rocksdb.number.block.not_compressed COUNT : 0
rocksdb.merge.operation.time.nanos COUNT : 0
rocksdb.filter.operation.time.nanos COUNT : 0
rocksdb.row.cache.hit COUNT : 0
rocksdb.row.cache.miss COUNT : 0
rocksdb.db.get.micros statistics Percentiles :=> 50 : 172.307692 95 : 568.510638 99 : 791.789474
rocksdb.db.write.micros statistics Percentiles :=> 50 : 31.308140 95 : 327.069257 99 : 396.568182
rocksdb.compaction.times.micros statistics Percentiles :=> 50 : 11300.000000 95 : 33750.000000 99 : 642234.000000
rocksdb.subcompaction.setup.times.micros statistics Percentiles :=> 50 : 0.000000 95 : 0.000000 99 : 0.000000
rocksdb.table.sync.micros statistics Percentiles :=> 50 : 19.272727 95 : 31.000000 99 : 32.000000
rocksdb.compaction.outfile.sync.micros statistics Percentiles :=> 50 : 19.895833 95 : 829.285714 99 : 993.555556
rocksdb.wal.file.sync.micros statistics Percentiles :=> 50 : 0.000000 95 : 0.000000 99 : 0.000000
rocksdb.manifest.file.sync.micros statistics Percentiles :=> 50 : 1843.750000 95 : 5400.000000 99 : 19360.000000
rocksdb.table.open.io.micros statistics Percentiles :=> 50 : 24.202303 95 : 46.942308 99 : 58.766667
rocksdb.db.multiget.micros statistics Percentiles :=> 50 : 0.000000 95 : 0.000000 99 : 0.000000
rocksdb.read.block.compaction.micros statistics Percentiles :=> 50 : 0.000000 95 : 0.000000 99 : 0.000000
rocksdb.read.block.get.micros statistics Percentiles :=> 50 : 0.000000 95 : 0.000000 99 : 0.000000
rocksdb.write.raw.block.micros statistics Percentiles :=> 50 : 374.364592 95 : 950.746269 99 : 1635.862069
rocksdb.l0.slowdown.count statistics Percentiles :=> 50 : 0.000000 95 : 0.000000 99 : 0.000000
rocksdb.memtable.compaction.count statistics Percentiles :=> 50 : 0.000000 95 : 0.000000 99 : 0.000000
rocksdb.num.files.stall.count statistics Percentiles :=> 50 : 0.000000 95 : 0.000000 99 : 0.000000
rocksdb.hard.rate.limit.delay.count statistics Percentiles :=> 50 : 0.000000 95 : 0.000000 99 : 0.000000
rocksdb.soft.rate.limit.delay.count statistics Percentiles :=> 50 : 0.000000 95 : 0.000000 99 : 0.000000
rocksdb.numfiles.in.singlecompaction statistics Percentiles :=> 50 : 1.000000 95 : 1.000000 99 : 1.000000
rocksdb.db.seek.micros statistics Percentiles :=> 50 : 0.000000 95 : 0.000000 99 : 0.000000
rocksdb.db.write.stall statistics Percentiles :=> 50 : 70000.000000 95 : 265000.000000 99 : 290317.000000
rocksdb.sst.read.micros statistics Percentiles :=> 50 : 0.000000 95 : 0.000000 99 : 0.000000
rocksdb.num.subcompactions.scheduled statistics Percentiles :=> 50 : 0.000000 95 : 0.000000 99 : 0.000000
rocksdb.bytes.per.read statistics Percentiles :=> 50 : 0.000000 95 : 0.000000 99 : 0.000000
rocksdb.bytes.per.write statistics Percentiles :=> 50 : 0.000000 95 : 0.000000 99 : 0.000000
rocksdb.bytes.per.multiget statistics Percentiles :=> 50 : 0.000000 95 : 0.000000 99 : 0.000000

~/git/rocksdb/nvm
