~/git/rocksdb ~/git/rocksdb/nvm
Initializing RocksDB Options from the specified file
Initializing RocksDB Options from command-line flags
Keys:       16 bytes each
Values:     1048576 bytes each (1048576 bytes after compression)
Entries:    1000
Prefix:    0 bytes
Keys per prefix:    0
RawSize:    1000.0 MB (estimated)
FileSize:   1000.0 MB (estimated)
Write rate: 0 bytes/second
Compression: NoCompression
Memtablerep: skip_list
Perf Level: 0
------------------------------------------------
Initializing RocksDB Options from the specified file
Initializing RocksDB Options from command-line flags
DB path: [/tmp/jazz]
fillseq      :     469.089 micros/op 2131 ops/sec; 2131.8 MB/s
Microseconds per write:
Count: 1000 Average: 469.0380  StdDev: 5031.32
Min: 65  Median: 256.8841  Max: 112912
Percentiles: P50: 256.88 P75: 302.64 P99: 441.67 P99.9: 110000.00 P99.99: 112912.00
------------------------------------------------------
[      60,      70 )       43   4.300%   4.300% #
[      70,      80 )       26   2.600%   6.900% #
[      80,      90 )       40   4.000%  10.900% #
[      90,     100 )       33   3.300%  14.200% #
[     100,     120 )       95   9.500%  23.700% ##
[     120,     140 )       51   5.100%  28.800% #
[     140,     160 )       59   5.900%  34.700% #
[     160,     180 )       64   6.400%  41.100% #
[     180,     200 )       32   3.200%  44.300% #
[     200,     250 )       19   1.900%  46.200% 
[     250,     300 )      276  27.600%  73.800% ######
[     300,     350 )      227  22.700%  96.500% #####
[     350,     400 )       20   2.000%  98.500% 
[     400,     450 )        6   0.600%  99.100% 
[     450,     500 )        4   0.400%  99.500% 
[    3500,    4000 )        1   0.100%  99.600% 
[    7000,    8000 )        1   0.100%  99.700% 
[   10000,   12000 )        1   0.100%  99.800% 
[  100000,  120000 )        2   0.200% 100.000% 

DB path: [/tmp/jazz]
overwrite    :     562.861 micros/op 1776 ops/sec; 1776.7 MB/s
Microseconds per write:
Count: 1000 Average: 562.8620  StdDev: 5844.69
Min: 96  Median: 154.7465  Max: 106345
Percentiles: P50: 154.75 P75: 199.02 P99: 592.31 P99.9: 106345.00 P99.99: 106345.00
------------------------------------------------------
[      90,     100 )       15   1.500%   1.500% 
[     100,     120 )      105  10.500%  12.000% ##
[     120,     140 )      220  22.000%  34.000% ####
[     140,     160 )      217  21.700%  55.700% ####
[     160,     180 )      135  13.500%  69.200% ###
[     180,     200 )       61   6.100%  75.300% #
[     200,     250 )       67   6.700%  82.000% #
[     250,     300 )       65   6.500%  88.500% #
[     300,     350 )       57   5.700%  94.200% #
[     350,     400 )        9   0.900%  95.100% 
[     400,     450 )        6   0.600%  95.700% 
[     450,     500 )       21   2.100%  97.800% 
[     500,     600 )       13   1.300%  99.100% 
[     600,     700 )        2   0.200%  99.300% 
[    1200,    1400 )        1   0.100%  99.400% 
[    3500,    4000 )        1   0.100%  99.500% 
[   16000,   18000 )        1   0.100%  99.600% 
[   45000,   50000 )        1   0.100%  99.700% 
[   90000,  100000 )        1   0.100%  99.800% 
[  100000,  120000 )        2   0.200% 100.000% 

DB path: [/tmp/jazz]
overwrite    :     838.162 micros/op 1193 ops/sec; 1193.1 MB/s
Microseconds per write:
Count: 1000 Average: 838.2280  StdDev: 9465.55
Min: 102  Median: 159.2893  Max: 229047
Percentiles: P50: 159.29 P75: 283.64 P99: 700.00 P99.9: 200000.00 P99.99: 229047.00
------------------------------------------------------
[     100,     120 )       71   7.100%   7.100% #
[     120,     140 )      239  23.900%  31.000% #####
[     140,     160 )      197  19.700%  50.700% ####
[     160,     180 )       91   9.100%  59.800% ##
[     180,     200 )       64   6.400%  66.200% #
[     200,     250 )       51   5.100%  71.300% #
[     250,     300 )       55   5.500%  76.800% #
[     300,     350 )       60   6.000%  82.800% #
[     350,     400 )       58   5.800%  88.600% #
[     400,     450 )       37   3.700%  92.300% #
[     450,     500 )       33   3.300%  95.600% #
[     500,     600 )       30   3.000%  98.600% #
[     600,     700 )        4   0.400%  99.000% 
[     700,     800 )        1   0.100%  99.100% 
[     900,    1000 )        1   0.100%  99.200% 
[    1000,    1200 )        1   0.100%  99.300% 
[    3500,    4000 )        1   0.100%  99.400% 
[   25000,   30000 )        1   0.100%  99.500% 
[   35000,   40000 )        1   0.100%  99.600% 
[   90000,  100000 )        1   0.100%  99.700% 
[  100000,  120000 )        1   0.100%  99.800% 
[  120000,  140000 )        1   0.100%  99.900% 
[  200000,  250000 )        1   0.100% 100.000% 

STATISTICS:
rocksdb.block.cache.miss COUNT : 1015
rocksdb.block.cache.hit COUNT : 0
rocksdb.block.cache.add COUNT : 0
rocksdb.block.cache.add.failures COUNT : 0
rocksdb.block.cache.index.miss COUNT : 0
rocksdb.block.cache.index.hit COUNT : 0
rocksdb.block.cache.index.bytes.insert COUNT : 0
rocksdb.block.cache.index.bytes.evict COUNT : 0
rocksdb.block.cache.filter.miss COUNT : 0
rocksdb.block.cache.filter.hit COUNT : 0
rocksdb.block.cache.filter.bytes.insert COUNT : 0
rocksdb.block.cache.filter.bytes.evict COUNT : 0
rocksdb.block.cache.data.miss COUNT : 1015
rocksdb.block.cache.data.hit COUNT : 0
rocksdb.block.cache.bytes.read COUNT : 0
rocksdb.block.cache.bytes.write COUNT : 0
rocksdb.bloom.filter.useful COUNT : 0
rocksdb.memtable.hit COUNT : 0
rocksdb.memtable.miss COUNT : 0
rocksdb.l0.hit COUNT : 0
rocksdb.l1.hit COUNT : 0
rocksdb.l2andup.hit COUNT : 0
rocksdb.compaction.key.drop.new COUNT : 22
rocksdb.compaction.key.drop.obsolete COUNT : 0
rocksdb.compaction.key.drop.user COUNT : 0
rocksdb.number.keys.written COUNT : 3000
rocksdb.number.keys.read COUNT : 0
rocksdb.number.keys.updated COUNT : 0
rocksdb.bytes.written COUNT : 0
rocksdb.bytes.read COUNT : 0
rocksdb.number.db.seek COUNT : 0
rocksdb.number.db.next COUNT : 0
rocksdb.number.db.prev COUNT : 0
rocksdb.number.db.seek.found COUNT : 0
rocksdb.number.db.next.found COUNT : 0
rocksdb.number.db.prev.found COUNT : 0
rocksdb.db.iter.bytes.read COUNT : 0
rocksdb.no.file.closes COUNT : 0
rocksdb.no.file.opens COUNT : 728
rocksdb.no.file.errors COUNT : 0
rocksdb.l0.slowdown.micros COUNT : 0
rocksdb.memtable.compaction.micros COUNT : 0
rocksdb.l0.num.files.stall.micros COUNT : 0
rocksdb.stall.micros COUNT : 1227301
rocksdb.db.mutex.wait.micros COUNT : 0
rocksdb.rate.limit.delay.millis COUNT : 0
rocksdb.num.iterators COUNT : 0
rocksdb.number.multiget.get COUNT : 0
rocksdb.number.multiget.keys.read COUNT : 0
rocksdb.number.multiget.bytes.read COUNT : 0
rocksdb.number.deletes.filtered COUNT : 0
rocksdb.number.merge.failures COUNT : 0
rocksdb.sequence.number COUNT : 3000
rocksdb.bloom.filter.prefix.checked COUNT : 0
rocksdb.bloom.filter.prefix.useful COUNT : 0
rocksdb.number.reseeks.iteration COUNT : 0
rocksdb.getupdatessince.calls COUNT : 0
rocksdb.block.cachecompressed.miss COUNT : 0
rocksdb.block.cachecompressed.hit COUNT : 0
rocksdb.block.cachecompressed.add COUNT : 0
rocksdb.block.cachecompressed.add.failures COUNT : 0
rocksdb.wal.synced COUNT : 0
rocksdb.wal.bytes COUNT : 0
rocksdb.write.self COUNT : 3000
rocksdb.write.other COUNT : 0
rocksdb.write.wal COUNT : 0
rocksdb.flush.write.bytes COUNT : 4131390647
rocksdb.compact.read.bytes COUNT : 630565838
rocksdb.compact.write.bytes COUNT : 1215823872
rocksdb.number.direct.load.table.properties COUNT : 0
rocksdb.number.superversion_acquires COUNT : 0
rocksdb.number.superversion_releases COUNT : 0
rocksdb.number.superversion_cleanups COUNT : 0
rocksdb.number.block.not_compressed COUNT : 0
rocksdb.merge.operation.time.nanos COUNT : 0
rocksdb.filter.operation.time.nanos COUNT : 0
rocksdb.row.cache.hit COUNT : 0
rocksdb.row.cache.miss COUNT : 0
rocksdb.db.get.micros statistics Percentiles :=> 50 : 232.608696 95 : 488.020833 99 : 639.230769
rocksdb.db.write.micros statistics Percentiles :=> 50 : 0.936142 95 : 267.585960 99 : 338.511905
rocksdb.compaction.times.micros statistics Percentiles :=> 50 : 8500.000000 95 : 735000.000000 99 : 784826.000000
rocksdb.subcompaction.setup.times.micros statistics Percentiles :=> 50 : 0.000000 95 : 0.000000 99 : 0.000000
rocksdb.table.sync.micros statistics Percentiles :=> 50 : 44.000000 95 : 719.000000 99 : 719.000000
rocksdb.compaction.outfile.sync.micros statistics Percentiles :=> 50 : 55.568182 95 : 895.000000 99 : 1191.142857
rocksdb.wal.file.sync.micros statistics Percentiles :=> 50 : 0.000000 95 : 0.000000 99 : 0.000000
rocksdb.manifest.file.sync.micros statistics Percentiles :=> 50 : 1914.814815 95 : 4896.428571 99 : 7710.000000
rocksdb.table.open.io.micros statistics Percentiles :=> 50 : 24.593301 95 : 39.964286 99 : 48.933333
rocksdb.db.multiget.micros statistics Percentiles :=> 50 : 0.000000 95 : 0.000000 99 : 0.000000
rocksdb.read.block.compaction.micros statistics Percentiles :=> 50 : 0.000000 95 : 0.000000 99 : 0.000000
rocksdb.read.block.get.micros statistics Percentiles :=> 50 : 0.000000 95 : 0.000000 99 : 0.000000
rocksdb.write.raw.block.micros statistics Percentiles :=> 50 : 268.339041 95 : 658.388430 99 : 968.459459
rocksdb.l0.slowdown.count statistics Percentiles :=> 50 : 0.000000 95 : 0.000000 99 : 0.000000
rocksdb.memtable.compaction.count statistics Percentiles :=> 50 : 0.000000 95 : 0.000000 99 : 0.000000
rocksdb.num.files.stall.count statistics Percentiles :=> 50 : 0.000000 95 : 0.000000 99 : 0.000000
rocksdb.hard.rate.limit.delay.count statistics Percentiles :=> 50 : 0.000000 95 : 0.000000 99 : 0.000000
rocksdb.soft.rate.limit.delay.count statistics Percentiles :=> 50 : 0.000000 95 : 0.000000 99 : 0.000000
rocksdb.numfiles.in.singlecompaction statistics Percentiles :=> 50 : 1.000000 95 : 1.000000 99 : 1.000000
rocksdb.db.seek.micros statistics Percentiles :=> 50 : 0.000000 95 : 0.000000 99 : 0.000000
rocksdb.db.write.stall statistics Percentiles :=> 50 : 95000.000000 95 : 210000.000000 99 : 228409.000000
rocksdb.sst.read.micros statistics Percentiles :=> 50 : 0.000000 95 : 0.000000 99 : 0.000000
rocksdb.num.subcompactions.scheduled statistics Percentiles :=> 50 : 0.000000 95 : 0.000000 99 : 0.000000
rocksdb.bytes.per.read statistics Percentiles :=> 50 : 0.000000 95 : 0.000000 99 : 0.000000
rocksdb.bytes.per.write statistics Percentiles :=> 50 : 0.000000 95 : 0.000000 99 : 0.000000
rocksdb.bytes.per.multiget statistics Percentiles :=> 50 : 0.000000 95 : 0.000000 99 : 0.000000

~/git/rocksdb/nvm
