~/git/rocksdb ~/git/rocksdb/nvm
Initializing RocksDB Options from the specified file
Initializing RocksDB Options from command-line flags
Keys:       16 bytes each
Values:     1048576 bytes each (1048576 bytes after compression)
Entries:    1000
Prefix:    0 bytes
Keys per prefix:    0
RawSize:    1000.0 MB (estimated)
FileSize:   1000.0 MB (estimated)
Write rate: 0 bytes/second
Compression: NoCompression
Memtablerep: skip_list
Perf Level: 0
------------------------------------------------
Initializing RocksDB Options from the specified file
Initializing RocksDB Options from command-line flags
DB path: [/tmp/jazz]
fillseq      :     484.727 micros/op 2063 ops/sec; 2063.0 MB/s
Microseconds per write:
Count: 1000 Average: 484.6330  StdDev: 5100.01
Min: 68  Median: 175.0000  Max: 110296
Percentiles: P50: 175.00 P75: 318.95 P99: 438.89 P99.9: 110000.00 P99.99: 110296.00
------------------------------------------------------
[      60,      70 )        9   0.900%   0.900% 
[      70,      80 )       52   5.200%   6.100% #
[      80,      90 )       41   4.100%  10.200% #
[      90,     100 )       14   1.400%  11.600% 
[     100,     120 )      218  21.800%  33.400% ####
[     120,     140 )       63   6.300%  39.700% #
[     140,     160 )       64   6.400%  46.100% #
[     160,     180 )       52   5.200%  51.300% #
[     180,     200 )       26   2.600%  53.900% #
[     200,     250 )       11   1.100%  55.000% 
[     250,     300 )      117  11.700%  66.700% ##
[     300,     350 )      219  21.900%  88.600% ####
[     350,     400 )       97   9.700%  98.300% ##
[     400,     450 )        9   0.900%  99.200% 
[     450,     500 )        1   0.100%  99.300% 
[     500,     600 )        2   0.200%  99.500% 
[    3000,    3500 )        1   0.100%  99.600% 
[    3500,    4000 )        1   0.100%  99.700% 
[   45000,   50000 )        1   0.100%  99.800% 
[  100000,  120000 )        2   0.200% 100.000% 

DB path: [/tmp/jazz]
overwrite    :     569.998 micros/op 1754 ops/sec; 1754.4 MB/s
Microseconds per write:
Count: 1000 Average: 570.0890  StdDev: 5502.21
Min: 97  Median: 160.1869  Max: 104459
Percentiles: P50: 160.19 P75: 313.27 P99: 490.00 P99.9: 100000.00 P99.99: 104459.00
------------------------------------------------------
[      90,     100 )        5   0.500%   0.500% 
[     100,     120 )      114  11.400%  11.900% ##
[     120,     140 )      221  22.100%  34.000% ####
[     140,     160 )      159  15.900%  49.900% ###
[     160,     180 )      107  10.700%  60.600% ##
[     180,     200 )       39   3.900%  64.500% #
[     200,     250 )       10   1.000%  65.500% 
[     250,     300 )       69   6.900%  72.400% #
[     300,     350 )       98   9.800%  82.200% ##
[     350,     400 )       85   8.500%  90.700% ##
[     400,     450 )       71   7.100%  97.800% #
[     450,     500 )       15   1.500%  99.300% 
[    3000,    3500 )        1   0.100%  99.400% 
[   12000,   14000 )        1   0.100%  99.500% 
[   16000,   18000 )        1   0.100%  99.600% 
[   20000,   25000 )        1   0.100%  99.700% 
[   90000,  100000 )        2   0.200%  99.900% 
[  100000,  120000 )        1   0.100% 100.000% 

DB path: [/tmp/jazz]
overwrite    :     697.904 micros/op 1432 ops/sec; 1432.9 MB/s
Microseconds per write:
Count: 1000 Average: 697.9130  StdDev: 9637.47
Min: 95  Median: 173.6111  Max: 286152
Percentiles: P50: 173.61 P75: 317.54 P99: 788.89 P99.9: 250000.00 P99.99: 286152.00
------------------------------------------------------
[      90,     100 )       26   2.600%   2.600% #
[     100,     120 )      111  11.100%  13.700% ##
[     120,     140 )      188  18.800%  32.500% ####
[     140,     160 )      126  12.600%  45.100% ###
[     160,     180 )       72   7.200%  52.300% #
[     180,     200 )       50   5.000%  57.300% #
[     200,     250 )       43   4.300%  61.600% #
[     250,     300 )       87   8.700%  70.300% ##
[     300,     350 )      134  13.400%  83.700% ###
[     350,     400 )       71   7.100%  90.800% #
[     400,     450 )       23   2.300%  93.100% 
[     450,     500 )        4   0.400%  93.500% 
[     500,     600 )        9   0.900%  94.400% 
[     600,     700 )       30   3.000%  97.400% #
[     700,     800 )       18   1.800%  99.200% 
[     800,     900 )        1   0.100%  99.300% 
[    1000,    1200 )        1   0.100%  99.400% 
[    3000,    3500 )        1   0.100%  99.500% 
[   18000,   20000 )        1   0.100%  99.600% 
[   25000,   30000 )        1   0.100%  99.700% 
[   30000,   35000 )        1   0.100%  99.800% 
[   90000,  100000 )        1   0.100%  99.900% 
[  250000,  300000 )        1   0.100% 100.000% 

STATISTICS:
rocksdb.block.cache.miss COUNT : 889
rocksdb.block.cache.hit COUNT : 0
rocksdb.block.cache.add COUNT : 0
rocksdb.block.cache.add.failures COUNT : 0
rocksdb.block.cache.index.miss COUNT : 0
rocksdb.block.cache.index.hit COUNT : 0
rocksdb.block.cache.index.bytes.insert COUNT : 0
rocksdb.block.cache.index.bytes.evict COUNT : 0
rocksdb.block.cache.filter.miss COUNT : 0
rocksdb.block.cache.filter.hit COUNT : 0
rocksdb.block.cache.filter.bytes.insert COUNT : 0
rocksdb.block.cache.filter.bytes.evict COUNT : 0
rocksdb.block.cache.data.miss COUNT : 889
rocksdb.block.cache.data.hit COUNT : 0
rocksdb.block.cache.bytes.read COUNT : 0
rocksdb.block.cache.bytes.write COUNT : 0
rocksdb.bloom.filter.useful COUNT : 0
rocksdb.memtable.hit COUNT : 0
rocksdb.memtable.miss COUNT : 0
rocksdb.l0.hit COUNT : 0
rocksdb.l1.hit COUNT : 0
rocksdb.l2andup.hit COUNT : 0
rocksdb.compaction.key.drop.new COUNT : 51
rocksdb.compaction.key.drop.obsolete COUNT : 0
rocksdb.compaction.key.drop.user COUNT : 0
rocksdb.number.keys.written COUNT : 3000
rocksdb.number.keys.read COUNT : 0
rocksdb.number.keys.updated COUNT : 0
rocksdb.bytes.written COUNT : 0
rocksdb.bytes.read COUNT : 0
rocksdb.number.db.seek COUNT : 0
rocksdb.number.db.next COUNT : 0
rocksdb.number.db.prev COUNT : 0
rocksdb.number.db.seek.found COUNT : 0
rocksdb.number.db.next.found COUNT : 0
rocksdb.number.db.prev.found COUNT : 0
rocksdb.db.iter.bytes.read COUNT : 0
rocksdb.no.file.closes COUNT : 0
rocksdb.no.file.opens COUNT : 674
rocksdb.no.file.errors COUNT : 0
rocksdb.l0.slowdown.micros COUNT : 0
rocksdb.memtable.compaction.micros COUNT : 0
rocksdb.l0.num.files.stall.micros COUNT : 0
rocksdb.stall.micros COUNT : 1073499
rocksdb.db.mutex.wait.micros COUNT : 0
rocksdb.rate.limit.delay.millis COUNT : 0
rocksdb.num.iterators COUNT : 0
rocksdb.number.multiget.get COUNT : 0
rocksdb.number.multiget.keys.read COUNT : 0
rocksdb.number.multiget.bytes.read COUNT : 0
rocksdb.number.deletes.filtered COUNT : 0
rocksdb.number.merge.failures COUNT : 0
rocksdb.sequence.number COUNT : 3000
rocksdb.bloom.filter.prefix.checked COUNT : 0
rocksdb.bloom.filter.prefix.useful COUNT : 0
rocksdb.number.reseeks.iteration COUNT : 0
rocksdb.getupdatessince.calls COUNT : 0
rocksdb.block.cachecompressed.miss COUNT : 0
rocksdb.block.cachecompressed.hit COUNT : 0
rocksdb.block.cachecompressed.add COUNT : 0
rocksdb.block.cachecompressed.add.failures COUNT : 0
rocksdb.wal.synced COUNT : 0
rocksdb.wal.bytes COUNT : 0
rocksdb.write.self COUNT : 3000
rocksdb.write.other COUNT : 0
rocksdb.write.wal COUNT : 0
rocksdb.flush.write.bytes COUNT : 2790720693
rocksdb.compact.read.bytes COUNT : 679898318
rocksdb.compact.write.bytes COUNT : 704708608
rocksdb.number.direct.load.table.properties COUNT : 0
rocksdb.number.superversion_acquires COUNT : 0
rocksdb.number.superversion_releases COUNT : 0
rocksdb.number.superversion_cleanups COUNT : 0
rocksdb.number.block.not_compressed COUNT : 0
rocksdb.merge.operation.time.nanos COUNT : 0
rocksdb.filter.operation.time.nanos COUNT : 0
rocksdb.row.cache.hit COUNT : 0
rocksdb.row.cache.miss COUNT : 0
rocksdb.db.get.micros statistics Percentiles :=> 50 : 180.400000 95 : 559.054054 99 : 723.363636
rocksdb.db.write.micros statistics Percentiles :=> 50 : 2.000000 95 : 295.712946 99 : 397.150000
rocksdb.compaction.times.micros statistics Percentiles :=> 50 : 11000.000000 95 : 16650.000000 99 : 653000.000000
rocksdb.subcompaction.setup.times.micros statistics Percentiles :=> 50 : 0.000000 95 : 0.000000 99 : 0.000000
rocksdb.table.sync.micros statistics Percentiles :=> 50 : 22.083333 95 : 620.000000 99 : 684.000000
rocksdb.compaction.outfile.sync.micros statistics Percentiles :=> 50 : 24.344920 95 : 839.500000 99 : 990.818182
rocksdb.wal.file.sync.micros statistics Percentiles :=> 50 : 0.000000 95 : 0.000000 99 : 0.000000
rocksdb.manifest.file.sync.micros statistics Percentiles :=> 50 : 1906.250000 95 : 4817.857143 99 : 5896.666667
rocksdb.table.open.io.micros statistics Percentiles :=> 50 : 22.648810 95 : 40.613636 99 : 58.270000
rocksdb.db.multiget.micros statistics Percentiles :=> 50 : 0.000000 95 : 0.000000 99 : 0.000000
rocksdb.read.block.compaction.micros statistics Percentiles :=> 50 : 0.000000 95 : 0.000000 99 : 0.000000
rocksdb.read.block.get.micros statistics Percentiles :=> 50 : 0.000000 95 : 0.000000 99 : 0.000000
rocksdb.write.raw.block.micros statistics Percentiles :=> 50 : 374.301118 95 : 904.818182 99 : 1695.647059
rocksdb.l0.slowdown.count statistics Percentiles :=> 50 : 0.000000 95 : 0.000000 99 : 0.000000
rocksdb.memtable.compaction.count statistics Percentiles :=> 50 : 0.000000 95 : 0.000000 99 : 0.000000
rocksdb.num.files.stall.count statistics Percentiles :=> 50 : 0.000000 95 : 0.000000 99 : 0.000000
rocksdb.hard.rate.limit.delay.count statistics Percentiles :=> 50 : 0.000000 95 : 0.000000 99 : 0.000000
rocksdb.soft.rate.limit.delay.count statistics Percentiles :=> 50 : 0.000000 95 : 0.000000 99 : 0.000000
rocksdb.numfiles.in.singlecompaction statistics Percentiles :=> 50 : 1.000000 95 : 1.000000 99 : 1.000000
rocksdb.db.seek.micros statistics Percentiles :=> 50 : 0.000000 95 : 0.000000 99 : 0.000000
rocksdb.db.write.stall statistics Percentiles :=> 50 : 42500.000000 95 : 262500.000000 99 : 284155.000000
rocksdb.sst.read.micros statistics Percentiles :=> 50 : 0.000000 95 : 0.000000 99 : 0.000000
rocksdb.num.subcompactions.scheduled statistics Percentiles :=> 50 : 0.000000 95 : 0.000000 99 : 0.000000
rocksdb.bytes.per.read statistics Percentiles :=> 50 : 0.000000 95 : 0.000000 99 : 0.000000
rocksdb.bytes.per.write statistics Percentiles :=> 50 : 0.000000 95 : 0.000000 99 : 0.000000
rocksdb.bytes.per.multiget statistics Percentiles :=> 50 : 0.000000 95 : 0.000000 99 : 0.000000

~/git/rocksdb/nvm
