~/git/rocksdb ~/git/rocksdb/nvm
Initializing RocksDB Options from the specified file
Initializing RocksDB Options from command-line flags
Keys:       16 bytes each
Values:     1048576 bytes each (1048576 bytes after compression)
Entries:    1000
Prefix:    0 bytes
Keys per prefix:    0
RawSize:    1000.0 MB (estimated)
FileSize:   1000.0 MB (estimated)
Write rate: 0 bytes/second
Compression: NoCompression
Memtablerep: skip_list
Perf Level: 0
------------------------------------------------
Initializing RocksDB Options from the specified file
Initializing RocksDB Options from command-line flags
DB path: [/tmp/jazz]
fillseq      :     557.369 micros/op 1794 ops/sec; 1794.2 MB/s
Microseconds per write:
Count: 1000 Average: 557.2580  StdDev: 5048.78
Min: 71  Median: 257.0513  Max: 109829
Percentiles: P50: 257.05 P75: 414.47 P99: 780.77 P99.9: 109829.00 P99.99: 109829.00
------------------------------------------------------
[      70,      80 )       49   4.900%   4.900% #
[      80,      90 )       26   2.600%   7.500% #
[      90,     100 )       21   2.100%   9.600% 
[     100,     120 )      199  19.900%  29.500% ####
[     120,     140 )       66   6.600%  36.100% #
[     140,     160 )       46   4.600%  40.700% #
[     160,     180 )       60   6.000%  46.700% #
[     180,     200 )       14   1.400%  48.100% 
[     200,     250 )        8   0.800%  48.900% 
[     250,     300 )       78   7.800%  56.700% ##
[     300,     350 )      143  14.300%  71.000% ###
[     350,     400 )       29   2.900%  73.900% #
[     400,     450 )       38   3.800%  77.700% #
[     450,     500 )       25   2.500%  80.200% #
[     500,     600 )       58   5.800%  86.000% #
[     600,     700 )      109  10.900%  96.900% ##
[     700,     800 )       26   2.600%  99.500% #
[    1000,    1200 )        1   0.100%  99.600% 
[    3500,    4000 )        1   0.100%  99.700% 
[   40000,   45000 )        1   0.100%  99.800% 
[  100000,  120000 )        2   0.200% 100.000% 

DB path: [/tmp/jazz]
overwrite    :     678.801 micros/op 1473 ops/sec; 1473.2 MB/s
Microseconds per write:
Count: 1000 Average: 678.8080  StdDev: 6584.47
Min: 100  Median: 155.6579  Max: 135852
Percentiles: P50: 155.66 P75: 332.14 P99: 800.00 P99.9: 120000.00 P99.99: 135852.00
------------------------------------------------------
[      90,     100 )        3   0.300%   0.300% 
[     100,     120 )      171  17.100%  17.400% ###
[     120,     140 )      207  20.700%  38.100% ####
[     140,     160 )      152  15.200%  53.300% ###
[     160,     180 )       79   7.900%  61.200% ##
[     180,     200 )       39   3.900%  65.100% #
[     200,     250 )       26   2.600%  67.700% #
[     250,     300 )       37   3.700%  71.400% #
[     300,     350 )       56   5.600%  77.000% #
[     350,     400 )       52   5.200%  82.200% #
[     400,     450 )       29   2.900%  85.100% #
[     450,     500 )       19   1.900%  87.000% 
[     500,     600 )       38   3.800%  90.800% #
[     600,     700 )       51   5.100%  95.900% #
[     700,     800 )       31   3.100%  99.000% #
[     800,     900 )        2   0.200%  99.200% 
[     900,    1000 )        1   0.100%  99.300% 
[    3000,    3500 )        1   0.100%  99.400% 
[   18000,   20000 )        1   0.100%  99.500% 
[   25000,   30000 )        1   0.100%  99.600% 
[   35000,   40000 )        1   0.100%  99.700% 
[   90000,  100000 )        1   0.100%  99.800% 
[  100000,  120000 )        1   0.100%  99.900% 
[  120000,  140000 )        1   0.100% 100.000% 

DB path: [/tmp/jazz]
overwrite    :     758.810 micros/op 1317 ops/sec; 1317.9 MB/s
Microseconds per write:
Count: 1000 Average: 758.8720  StdDev: 8297.44
Min: 96  Median: 262.5000  Max: 217165
Percentiles: P50: 262.50 P75: 477.78 P99: 863.64 P99.9: 200000.00 P99.99: 217165.00
------------------------------------------------------
[      90,     100 )       29   2.900%   2.900% #
[     100,     120 )      168  16.800%  19.700% ###
[     120,     140 )      109  10.900%  30.600% ##
[     140,     160 )       95   9.500%  40.100% ##
[     160,     180 )       51   5.100%  45.200% #
[     180,     200 )       20   2.000%  47.200% 
[     200,     250 )       12   1.200%  48.400% 
[     250,     300 )       64   6.400%  54.800% #
[     300,     350 )       47   4.700%  59.500% #
[     350,     400 )       64   6.400%  65.900% #
[     400,     450 )       61   6.100%  72.000% #
[     450,     500 )       54   5.400%  77.400% #
[     500,     600 )      115  11.500%  88.900% ##
[     600,     700 )       66   6.600%  95.500% #
[     700,     800 )       28   2.800%  98.300% #
[     800,     900 )       11   1.100%  99.400% 
[    1800,    2000 )        1   0.100%  99.500% 
[    3500,    4000 )        1   0.100%  99.600% 
[   20000,   25000 )        1   0.100%  99.700% 
[   80000,   90000 )        1   0.100%  99.800% 
[  100000,  120000 )        1   0.100%  99.900% 
[  200000,  250000 )        1   0.100% 100.000% 

STATISTICS:
rocksdb.block.cache.miss COUNT : 1005
rocksdb.block.cache.hit COUNT : 0
rocksdb.block.cache.add COUNT : 0
rocksdb.block.cache.add.failures COUNT : 0
rocksdb.block.cache.index.miss COUNT : 0
rocksdb.block.cache.index.hit COUNT : 0
rocksdb.block.cache.index.bytes.insert COUNT : 0
rocksdb.block.cache.index.bytes.evict COUNT : 0
rocksdb.block.cache.filter.miss COUNT : 0
rocksdb.block.cache.filter.hit COUNT : 0
rocksdb.block.cache.filter.bytes.insert COUNT : 0
rocksdb.block.cache.filter.bytes.evict COUNT : 0
rocksdb.block.cache.data.miss COUNT : 1005
rocksdb.block.cache.data.hit COUNT : 0
rocksdb.block.cache.bytes.read COUNT : 0
rocksdb.block.cache.bytes.write COUNT : 0
rocksdb.bloom.filter.useful COUNT : 0
rocksdb.memtable.hit COUNT : 0
rocksdb.memtable.miss COUNT : 0
rocksdb.l0.hit COUNT : 0
rocksdb.l1.hit COUNT : 0
rocksdb.l2andup.hit COUNT : 0
rocksdb.compaction.key.drop.new COUNT : 51
rocksdb.compaction.key.drop.obsolete COUNT : 0
rocksdb.compaction.key.drop.user COUNT : 0
rocksdb.number.keys.written COUNT : 3000
rocksdb.number.keys.read COUNT : 0
rocksdb.number.keys.updated COUNT : 0
rocksdb.bytes.written COUNT : 0
rocksdb.bytes.read COUNT : 0
rocksdb.number.db.seek COUNT : 0
rocksdb.number.db.next COUNT : 0
rocksdb.number.db.prev COUNT : 0
rocksdb.number.db.seek.found COUNT : 0
rocksdb.number.db.next.found COUNT : 0
rocksdb.number.db.prev.found COUNT : 0
rocksdb.db.iter.bytes.read COUNT : 0
rocksdb.no.file.closes COUNT : 0
rocksdb.no.file.opens COUNT : 685
rocksdb.no.file.errors COUNT : 0
rocksdb.l0.slowdown.micros COUNT : 0
rocksdb.memtable.compaction.micros COUNT : 0
rocksdb.l0.num.files.stall.micros COUNT : 0
rocksdb.stall.micros COUNT : 1133879
rocksdb.db.mutex.wait.micros COUNT : 0
rocksdb.rate.limit.delay.millis COUNT : 0
rocksdb.num.iterators COUNT : 0
rocksdb.number.multiget.get COUNT : 0
rocksdb.number.multiget.keys.read COUNT : 0
rocksdb.number.multiget.bytes.read COUNT : 0
rocksdb.number.deletes.filtered COUNT : 0
rocksdb.number.merge.failures COUNT : 0
rocksdb.sequence.number COUNT : 3000
rocksdb.bloom.filter.prefix.checked COUNT : 0
rocksdb.bloom.filter.prefix.useful COUNT : 0
rocksdb.number.reseeks.iteration COUNT : 0
rocksdb.getupdatessince.calls COUNT : 0
rocksdb.block.cachecompressed.miss COUNT : 0
rocksdb.block.cachecompressed.hit COUNT : 0
rocksdb.block.cachecompressed.add COUNT : 0
rocksdb.block.cachecompressed.add.failures COUNT : 0
rocksdb.wal.synced COUNT : 0
rocksdb.wal.bytes COUNT : 0
rocksdb.write.self COUNT : 3000
rocksdb.write.other COUNT : 0
rocksdb.write.wal COUNT : 0
rocksdb.flush.write.bytes COUNT : 2645501111
rocksdb.compact.read.bytes COUNT : 679898318
rocksdb.compact.write.bytes COUNT : 635838464
rocksdb.number.direct.load.table.properties COUNT : 0
rocksdb.number.superversion_acquires COUNT : 0
rocksdb.number.superversion_releases COUNT : 0
rocksdb.number.superversion_cleanups COUNT : 0
rocksdb.number.block.not_compressed COUNT : 0
rocksdb.merge.operation.time.nanos COUNT : 0
rocksdb.filter.operation.time.nanos COUNT : 0
rocksdb.row.cache.hit COUNT : 0
rocksdb.row.cache.miss COUNT : 0
rocksdb.db.get.micros statistics Percentiles :=> 50 : 163.684211 95 : 606.666667 99 : 794.285714
rocksdb.db.write.micros statistics Percentiles :=> 50 : 0.995082 95 : 515.773810 99 : 669.862069
rocksdb.compaction.times.micros statistics Percentiles :=> 50 : 10500.000000 95 : 17550.000000 99 : 722114.000000
rocksdb.subcompaction.setup.times.micros statistics Percentiles :=> 50 : 0.000000 95 : 0.000000 99 : 0.000000
rocksdb.table.sync.micros statistics Percentiles :=> 50 : 19.714286 95 : 62.000000 99 : 68.000000
rocksdb.compaction.outfile.sync.micros statistics Percentiles :=> 50 : 21.732955 95 : 842.500000 99 : 1098.000000
rocksdb.wal.file.sync.micros statistics Percentiles :=> 50 : 0.000000 95 : 0.000000 99 : 0.000000
rocksdb.manifest.file.sync.micros statistics Percentiles :=> 50 : 1805.263158 95 : 4437.500000 99 : 5500.000000
rocksdb.table.open.io.micros statistics Percentiles :=> 50 : 23.964286 95 : 44.375000 99 : 58.937500
rocksdb.db.multiget.micros statistics Percentiles :=> 50 : 0.000000 95 : 0.000000 99 : 0.000000
rocksdb.read.block.compaction.micros statistics Percentiles :=> 50 : 0.000000 95 : 0.000000 99 : 0.000000
rocksdb.read.block.get.micros statistics Percentiles :=> 50 : 0.000000 95 : 0.000000 99 : 0.000000
rocksdb.write.raw.block.micros statistics Percentiles :=> 50 : 378.298800 95 : 993.255814 99 : 1697.166667
rocksdb.l0.slowdown.count statistics Percentiles :=> 50 : 0.000000 95 : 0.000000 99 : 0.000000
rocksdb.memtable.compaction.count statistics Percentiles :=> 50 : 0.000000 95 : 0.000000 99 : 0.000000
rocksdb.num.files.stall.count statistics Percentiles :=> 50 : 0.000000 95 : 0.000000 99 : 0.000000
rocksdb.hard.rate.limit.delay.count statistics Percentiles :=> 50 : 0.000000 95 : 0.000000 99 : 0.000000
rocksdb.soft.rate.limit.delay.count statistics Percentiles :=> 50 : 0.000000 95 : 0.000000 99 : 0.000000
rocksdb.numfiles.in.singlecompaction statistics Percentiles :=> 50 : 1.000000 95 : 1.000000 99 : 1.000000
rocksdb.db.seek.micros statistics Percentiles :=> 50 : 0.000000 95 : 0.000000 99 : 0.000000
rocksdb.db.write.stall statistics Percentiles :=> 50 : 90000.000000 95 : 215000.000000 99 : 216753.000000
rocksdb.sst.read.micros statistics Percentiles :=> 50 : 0.000000 95 : 0.000000 99 : 0.000000
rocksdb.num.subcompactions.scheduled statistics Percentiles :=> 50 : 0.000000 95 : 0.000000 99 : 0.000000
rocksdb.bytes.per.read statistics Percentiles :=> 50 : 0.000000 95 : 0.000000 99 : 0.000000
rocksdb.bytes.per.write statistics Percentiles :=> 50 : 0.000000 95 : 0.000000 99 : 0.000000
rocksdb.bytes.per.multiget statistics Percentiles :=> 50 : 0.000000 95 : 0.000000 99 : 0.000000

~/git/rocksdb/nvm
